<?xml version="1.0" encoding="UTF-8"?>
<testsuite xmlns:xsi="http://www.w3.org/2001/XMLSchema-instance" xsi:noNamespaceSchemaLocation="https://maven.apache.org/surefire/maven-surefire-plugin/xsd/surefire-test-report-3.0.xsd" version="3.0" name="domain.OrderTest" time="0.106" tests="8" errors="0" skipped="0" failures="0">
  <properties>
[...]
</properties>
  <testcase name="checkoutCanUseDifferentPaymentMethods" classname="domain.OrderTest" time="0.032">
    <system-out><![CDATA[Processing Card payment of R12,400.00
Card Holder: Test User
Card Number: **** 4242
Payment Successful!
Processing Wallet payment of R12,400.00
Provider: Zapper
Wallet ID: **** 3456
Payment Successful!
]]></system-out>
  </testcase>
  <testcase name="receiptPrinterFormatsOrderSummary" classname="domain.OrderTest" time="0.009"/>
  <testcase name="rejectsNullProductAndInvalidQuantity" classname="domain.OrderTest" time="0.002"/>
  <testcase name="emptyOrderHasZeroTotalAndImmutableItemsView" classname="domain.OrderTest" time="0.002"/>
  <testcase name="cardPaymentUsesPlainAsciiCurrencyFormatting" classname="domain.OrderTest" time="0.002"/>
  <testcase name="calculatesTotalForMultipleItems" classname="domain.OrderTest" time="0.001"/>
  <testcase name="checkoutUsesOrderTotalAndDifferentPaymentMethods" classname="domain.OrderTest" time="0.004">
    <system-out><![CDATA[Processing Card payment of R17,300.00
Card Holder: Test User
Card Number: **** 4242
Payment Successful!
Payment successful via CARD
Amount: R17,300.00
Processing Wallet payment of R17,300.00
Provider: Zapper
Wallet ID: **** 3456
Payment Successful!
Payment successful via WALLET
Amount: R17,300.00
Order placed with Cash on Delivery.
Amount to be collected: R17,300.00
Payment successful via CASH_ON_DELIVERY
Amount: R17,300.00
Processing EFT payment of R17,300.00
Bank: 1234567890
Account Holder: 000123
Account Number: **** User
Payment Successful!
Payment successful via EFT
Amount: R17,300.00
]]></system-out>
  </testcase>
  <testcase name="aggregatesDuplicateProductsIntoOneLine" classname="domain.OrderTest" time="0.005"/>
</testsuite>